[debug] [2023-04-20T10:07:51.490Z] ----------------------------------------------------------------------
[debug] [2023-04-20T10:07:51.493Z] Command:       C:\Program Files\nodejs\node.exe C:\Users\91988\AppData\Roaming\npm\node_modules\firebase-tools\lib\bin\firebase.js init
[debug] [2023-04-20T10:07:51.494Z] CLI Version:   11.28.0
[debug] [2023-04-20T10:07:51.494Z] Platform:      win32
[debug] [2023-04-20T10:07:51.494Z] Node Version:  v18.12.0
[debug] [2023-04-20T10:07:51.495Z] Time:          Thu Apr 20 2023 15:37:51 GMT+0530 (India Standard Time)
[debug] [2023-04-20T10:07:51.495Z] ----------------------------------------------------------------------
[debug] 
[debug] [2023-04-20T10:07:51.600Z] > command requires scopes: ["email","openid","https://www.googleapis.com/auth/cloudplatformprojects.readonly","https://www.googleapis.com/auth/firebase","https://www.googleapis.com/auth/cloud-platform"]
[debug] [2023-04-20T10:07:51.601Z] > authorizing via signed-in user (varmasivangi949@gmail.com)
[info] 
     ######## #### ########  ######## ########     ###     ######  ########
     ##        ##  ##     ## ##       ##     ##  ##   ##  ##       ##
     ######    ##  ########  ######   ########  #########  ######  ######
     ##        ##  ##    ##  ##       ##     ## ##     ##       ## ##
     ##       #### ##     ## ######## ########  ##     ##  ######  ########

You're about to initialize a Firebase project in this directory:

  C:\Users\91988\Desktop\Reactproject\shope_now

Before we get started, keep in mind:

  * You are initializing within an existing Firebase project directory

[info] 
=== Project Setup
[info] 
[info] First, let's associate this project directory with a Firebase project.
[info] You can create multiple project aliases by running firebase use --add, 
[info] but for now we'll just set up a default project.
[info] 
[debug] [2023-04-20T10:07:58.423Z] Using project from CLI flag: shop-now-6755a
[debug] [2023-04-20T10:07:58.427Z] >>> [apiv2][query] GET https://firebase.googleapis.com/v1beta1/projects/shop-now-6755a [none]
[debug] [2023-04-20T10:07:59.418Z] <<< [apiv2][status] GET https://firebase.googleapis.com/v1beta1/projects/shop-now-6755a 200
[debug] [2023-04-20T10:07:59.419Z] <<< [apiv2][body] GET https://firebase.googleapis.com/v1beta1/projects/shop-now-6755a {"projectId":"shop-now-6755a","projectNumber":"583652392916","displayName":"Shop now","name":"projects/shop-now-6755a","resources":{"hostingSite":"shop-now-6755a"},"state":"ACTIVE","etag":"1_9de60295-eea6-4979-ba47-880ef741d8ce"}
[info] i  Using project shop-now-6755a (Shop now) 
[info] 
=== Hosting Setup
[info] 
[info] Your public directory is the folder (relative to your project directory) that
[info] will contain Hosting assets to be uploaded with firebase deploy. If you
[info] have a build process for your assets, use your build's output directory.
[info] 
[debug] [2023-04-20T10:08:27.799Z] >>> [apiv2][query] GET https://www.gstatic.com/firebasejs/releases.json [none]
[debug] [2023-04-20T10:08:27.923Z] <<< [apiv2][status] GET https://www.gstatic.com/firebasejs/releases.json 200
[debug] [2023-04-20T10:08:27.923Z] <<< [apiv2][body] GET https://www.gstatic.com/firebasejs/releases.json {"current":{"version":"9.20.0","browserURL":"https://www.gstatic.com/firebasejs/9.20.0/firebase.js","packageURL":"https://www.gstatic.com/firebasejs/9.20.0/firebase.tgz"},"live":{"version":"9.20","browserURL":"https://www.gstatic.com/firebasejs/live/9.20/firebase.js","packageURL":"https://www.gstatic.com/firebasejs/live/9.20/firebase.tgz"},"components":{"analytics":"https://www.gstatic.com/firebasejs/9.20.0/firebase-analytics.js","app":"https://www.gstatic.com/firebasejs/9.20.0/firebase-app.js","app-check":"https://www.gstatic.com/firebasejs/9.20.0/firebase-app-check.js","auth":"https://www.gstatic.com/firebasejs/9.20.0/firebase-auth.js","auth/cordova":"https://www.gstatic.com/firebasejs/9.20.0/firebase-auth/cordova.js","auth/react-native":"https://www.gstatic.com/firebasejs/9.20.0/firebase-auth/react-native.js","functions":"https://www.gstatic.com/firebasejs/9.20.0/firebase-functions.js","firestore":"https://www.gstatic.com/firebasejs/9.20.0/firebase-firestore.js","firestore/lite":"https://www.gstatic.com/firebasejs/9.20.0/firebase-firestore/lite.js","installations":"https://www.gstatic.com/firebasejs/9.20.0/firebase-installations.js","storage":"https://www.gstatic.com/firebasejs/9.20.0/firebase-storage.js","performance":"https://www.gstatic.com/firebasejs/9.20.0/firebase-performance.js","remote-config":"https://www.gstatic.com/firebasejs/9.20.0/firebase-remote-config.js","messaging":"https://www.gstatic.com/firebasejs/9.20.0/firebase-messaging.js","messaging/sw":"https://www.gstatic.com/firebasejs/9.20.0/firebase-messaging/sw.js","database":"https://www.gstatic.com/firebasejs/9.20.0/firebase-database.js","firestore.memory":"https://www.gstatic.com/firebasejs/9.20.0/firebase-firestore.memory.js"}}
[info] i  Skipping write of build/index.html 
[info] 
[info] i  Detected a .git folder at C:\Users\91988\Desktop\Reactproject\shope_now 
[info] i  Authorizing with GitHub to upload your service account to a GitHub repository's secrets store. 
[info] 
[info] Visit this URL on this device to log in:
[info] https://github.com/login/oauth/authorize?client_id=89cf50f02ac6aaed3484&state=239916875&redirect_uri=http%3A%2F%2Flocalhost%3A9005&scope=read%3Auser%20repo%20public_repo
[info] 
[info] Waiting for authentication...
[debug] [2023-04-20T10:09:13.057Z] >>> [apiv2][query] POST https://github.com/login/oauth/access_token [none]
[debug] [2023-04-20T10:09:13.057Z] >>> [apiv2][body] POST https://github.com/login/oauth/access_token [stream]
[debug] [2023-04-20T10:09:13.567Z] <<< [apiv2][status] POST https://github.com/login/oauth/access_token 200
[debug] [2023-04-20T10:09:13.567Z] <<< [apiv2][body] POST https://github.com/login/oauth/access_token {"access_token":"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","token_type":"bearer","scope":"read:user,repo"}
[debug] [2023-04-20T10:09:13.577Z] >>> [apiv2][query] GET https://api.github.com/user [none]
[debug] [2023-04-20T10:09:14.140Z] <<< [apiv2][status] GET https://api.github.com/user 200
[debug] [2023-04-20T10:09:14.140Z] <<< [apiv2][body] GET https://api.github.com/user {"login":"varmasivangi","id":109135023,"node_id":"U_kgDOBoFErw","avatar_url":"https://avatars.githubusercontent.com/u/109135023?v=4","gravatar_id":"","url":"https://api.github.com/users/varmasivangi","html_url":"https://github.com/varmasivangi","followers_url":"https://api.github.com/users/varmasivangi/followers","following_url":"https://api.github.com/users/varmasivangi/following{/other_user}","gists_url":"https://api.github.com/users/varmasivangi/gists{/gist_id}","starred_url":"https://api.github.com/users/varmasivangi/starred{/owner}{/repo}","subscriptions_url":"https://api.github.com/users/varmasivangi/subscriptions","organizations_url":"https://api.github.com/users/varmasivangi/orgs","repos_url":"https://api.github.com/users/varmasivangi/repos","events_url":"https://api.github.com/users/varmasivangi/events{/privacy}","received_events_url":"https://api.github.com/users/varmasivangi/received_events","type":"User","site_admin":false,"name":null,"company":null,"blog":"","location":null,"email":null,"hireable":null,"bio":null,"twitter_username":null,"public_repos":24,"public_gists":0,"followers":0,"following":0,"created_at":"2022-07-12T07:17:10Z","updated_at":"2023-03-16T11:10:10Z","private_gists":0,"total_private_repos":0,"owned_private_repos":0,"disk_usage":8645,"collaborators":0,"two_factor_authentication":false,"plan":{"name":"free","space":976562499,"collaborators":0,"private_repos":10000}}
[info] 
[info] +  Success! Logged into GitHub as varmasivangi 
[info] 
